<?xml version="1.0" encoding="utf-8"?><testsuites><testsuite errors="0" failures="0" hostname="HarshaLalith1" name="pytest" skipped="0" tests="4" time="54.839" timestamp="2020-06-16T22:35:15.412566"><testcase classname="test_Homepage.TestHomePage" file="test_Homepage.py" line="8" name="test_formSubmission" time="20.902"></testcase><testcase classname="test_Homepage_param.TestHomePage" file="test_Homepage_param.py" line="10" name="test_formSubmission[getdata0]" time="10.346"></testcase><testcase classname="test_Homepage_param.TestHomePage" file="test_Homepage_param.py" line="10" name="test_formSubmission[getdata1]" time="4.734"></testcase><testcase classname="test_e2e.TestOne" file="test_e2e.py" line="19" name="test_e2e" time="18.168"></testcase></testsuite></testsuites>